21-Aug-2024 10:50:23.977 INFO [main] org.apache.catalina.startup.VersionLoggerListener.log Server version name:   Apache Tomcat/9.0.93
21-Aug-2024 10:50:24.007 INFO [main] org.apache.catalina.startup.VersionLoggerListener.log Server built:          Aug 2 2024 21:24:59 UTC
21-Aug-2024 10:50:24.007 INFO [main] org.apache.catalina.startup.VersionLoggerListener.log Server version number: 9.0.93.0
21-Aug-2024 10:50:24.007 INFO [main] org.apache.catalina.startup.VersionLoggerListener.log OS Name:               Windows 11
21-Aug-2024 10:50:24.007 INFO [main] org.apache.catalina.startup.VersionLoggerListener.log OS Version:            10.0
21-Aug-2024 10:50:24.007 INFO [main] org.apache.catalina.startup.VersionLoggerListener.log Architecture:          amd64
21-Aug-2024 10:50:24.007 INFO [main] org.apache.catalina.startup.VersionLoggerListener.log Java Home:             C:\Users\7J0736897\Documents\ibm-semeru-open-jdk_x64_windows_8u322b06_openj9-0.30.0\jdk8u322-b06\jre
21-Aug-2024 10:50:24.007 INFO [main] org.apache.catalina.startup.VersionLoggerListener.log JVM Version:           1.8.0_322-b06
21-Aug-2024 10:50:24.007 INFO [main] org.apache.catalina.startup.VersionLoggerListener.log JVM Vendor:            Eclipse OpenJ9
21-Aug-2024 10:50:24.007 INFO [main] org.apache.catalina.startup.VersionLoggerListener.log CATALINA_BASE:         C:\Users\7J0736897\Documents\BAMOE\apache-tomcat-9.0.93
21-Aug-2024 10:50:24.007 INFO [main] org.apache.catalina.startup.VersionLoggerListener.log CATALINA_HOME:         C:\Users\7J0736897\Documents\BAMOE\apache-tomcat-9.0.93
21-Aug-2024 10:50:24.017 INFO [main] org.apache.catalina.startup.VersionLoggerListener.log Command line argument: -Xoptionsfile=C:\Users\7J0736897\Documents\ibm-semeru-open-jdk_x64_windows_8u322b06_openj9-0.30.0\jdk8u322-b06\jre\bin\default\options.default
21-Aug-2024 10:50:24.017 INFO [main] org.apache.catalina.startup.VersionLoggerListener.log Command line argument: -Xlockword:mode=default,noLockword=java/lang/String,noLockword=java/util/MapEntry,noLockword=java/util/HashMap$Entry,noLockword=org/apache/harmony/luni/util/ModifiedMap$Entry,noLockword=java/util/Hashtable$Entry,noLockword=java/lang/invoke/MethodType,noLockword=java/lang/invoke/MethodHandle,noLockword=java/lang/invoke/CollectHandle,noLockword=java/lang/invoke/ConstructorHandle,noLockword=java/lang/invoke/ConvertHandle,noLockword=java/lang/invoke/ArgumentConversionHandle,noLockword=java/lang/invoke/AsTypeHandle,noLockword=java/lang/invoke/ExplicitCastHandle,noLockword=java/lang/invoke/FilterReturnHandle,noLockword=java/lang/invoke/DirectHandle,noLockword=java/lang/invoke/ReceiverBoundHandle,noLockword=java/lang/invoke/DynamicInvokerHandle,noLockword=java/lang/invoke/FieldHandle,noLockword=java/lang/invoke/FieldGetterHandle,noLockword=java/lang/invoke/FieldSetterHandle,noLockword=java/lang/invoke/StaticFieldGetterHandle,noLockword=java/lang/invoke/StaticFieldSetterHandle,noLockword=java/lang/invoke/IndirectHandle,noLockword=java/lang/invoke/InterfaceHandle,noLockword=java/lang/invoke/VirtualHandle,noLockword=java/lang/invoke/PrimitiveHandle,noLockword=java/lang/invoke/InvokeExactHandle,noLockword=java/lang/invoke/InvokeGenericHandle,noLockword=java/lang/invoke/VarargsCollectorHandle,noLockword=java/lang/invoke/ThunkTuple
21-Aug-2024 10:50:24.017 INFO [main] org.apache.catalina.startup.VersionLoggerListener.log Command line argument: -Xjcl:jclse29
21-Aug-2024 10:50:24.017 INFO [main] org.apache.catalina.startup.VersionLoggerListener.log Command line argument: -Dcom.ibm.oti.vm.bootstrap.library.path=C:\Users\7J0736897\Documents\ibm-semeru-open-jdk_x64_windows_8u322b06_openj9-0.30.0\jdk8u322-b06\jre\bin\default;C:\Users\7J0736897\Documents\ibm-semeru-open-jdk_x64_windows_8u322b06_openj9-0.30.0\jdk8u322-b06\jre\bin
21-Aug-2024 10:50:24.017 INFO [main] org.apache.catalina.startup.VersionLoggerListener.log Command line argument: -Dsun.boot.library.path=C:\Users\7J0736897\Documents\ibm-semeru-open-jdk_x64_windows_8u322b06_openj9-0.30.0\jdk8u322-b06\jre\bin\default;C:\Users\7J0736897\Documents\ibm-semeru-open-jdk_x64_windows_8u322b06_openj9-0.30.0\jdk8u322-b06\jre\bin
21-Aug-2024 10:50:24.017 INFO [main] org.apache.catalina.startup.VersionLoggerListener.log Command line argument: -Djava.library.path=C:\Users\7J0736897\Documents\ibm-semeru-open-jdk_x64_windows_8u322b06_openj9-0.30.0\jdk8u322-b06\jre\bin\default;C:\Users\7J0736897\Documents\ibm-semeru-open-jdk_x64_windows_8u322b06_openj9-0.30.0\jdk8u322-b06\jre\bin;C:\WINDOWS\system32;C:\WINDOWS;C:\Program Files\Common Files\Oracle\Java\javapath;C:\Program Files (x86)\Common Files\Oracle\Java\java8path;C:\Program Files (x86)\Common Files\Oracle\Java\javapath;C:\WINDOWS\system32;C:\WINDOWS;C:\WINDOWS\System32\Wbem;C:\WINDOWS\System32\WindowsPowerShell\v1.0\;C:\WINDOWS\System32\OpenSSH\;C:\Program Files\Amazon\AWSCLIV2\;C:\Program Files\Git\cmd;%NVM_HOME%;%NVM_SYMLINK%;C:\Program Files\ibm\gsk8\lib64;C:\Program Files (x86)\ibm\gsk8\lib;C:\PROGRA~1\IBM\SQLLIB~1\BIN;C:\PROGRA~1\IBM\SQLLIB~1\FUNCTION;C:\PROGRA~1\IBM\SQLLIB~1\SAMPLES\REPL;C:\Program Files\RedHat\Podman\;C:\Program Files\PuTTY\;C:\Program Files\Common Files\Oracle\Java\javapath;C:\WINDOWS\system32;C:\WINDOWS;C:\WINDOWS\System32\Wbem;C:\WINDOWS\System32\WindowsPowerShell\v1.0\;C:\WINDOWS\System32\OpenSSH\;C:\Program Files\Amazon\AWSCLIV2\;C:\Program Files\Git\cmd;C:\Users\7J0736897\AppData\Roaming\nvm;C:\Program Files\nodejs;C:\Program Files\ibm\gsk8\lib64;C:\Program Files (x86)\ibm\gsk8\lib;C:\PROGRA~1\IBM\SQLLIB~1\BIN;C:\PROGRA~1\IBM\SQLLIB~1\FUNCTION;C:\PROGRA~1\IBM\SQLLIB~1\SAMPLES\REPL;C:\Program Files\RedHat\Podman\;C:\Users\7J0736897\AppData\Local\Microsoft\WindowsApps;C:\Users\7J0736897\Documents\ibm-semeru-open-jdk_x64_windows_8u322b06_openj9-0.30.0\jdk8u322-b06\bin;C:\Users\7J0736897\Documents\helm-v3.12.0-windows-amd64\windows-amd64;Downloads;C:\Users\7J0736897\AppData\Local\Programs\Microsoft VS Code\bin;C:\Users\7J0736897\AppData\Roaming\nvm;C:\Program Files\nodejs;C:\Users\7J0736897\Downloads;C:\Program Files;C:\Users\7J0736897\Documents\apache-maven-3.9.8\bin;C:\Program Files\docker\bin;C:\Users\7J0736897\AppData\Local\Box\Box Edit\;.
21-Aug-2024 10:50:24.017 INFO [main] org.apache.catalina.startup.VersionLoggerListener.log Command line argument: -Djava.home=C:\Users\7J0736897\Documents\ibm-semeru-open-jdk_x64_windows_8u322b06_openj9-0.30.0\jdk8u322-b06\jre
21-Aug-2024 10:50:24.017 INFO [main] org.apache.catalina.startup.VersionLoggerListener.log Command line argument: -Djava.ext.dirs=C:\Users\7J0736897\Documents\ibm-semeru-open-jdk_x64_windows_8u322b06_openj9-0.30.0\jdk8u322-b06\jre\lib\ext
21-Aug-2024 10:50:24.017 INFO [main] org.apache.catalina.startup.VersionLoggerListener.log Command line argument: -Duser.dir=C:\Users\7J0736897\Documents\BAMOE\apache-tomcat-9.0.93\bin
21-Aug-2024 10:50:24.017 INFO [main] org.apache.catalina.startup.VersionLoggerListener.log Command line argument: -Djava.class.path=C:\Users\7J0736897\Documents\BAMOE\apache-tomcat-9.0.93\bin\bootstrap.jar;C:\Users\7J0736897\Documents\BAMOE\apache-tomcat-9.0.93\bin\tomcat-juli.jar
21-Aug-2024 10:50:24.017 INFO [main] org.apache.catalina.startup.VersionLoggerListener.log Command line argument: -Djava.util.logging.config.file=C:\Users\7J0736897\Documents\BAMOE\apache-tomcat-9.0.93\conf\logging.properties
21-Aug-2024 10:50:24.017 INFO [main] org.apache.catalina.startup.VersionLoggerListener.log Command line argument: -Djava.util.logging.manager=org.apache.juli.ClassLoaderLogManager
21-Aug-2024 10:50:24.017 INFO [main] org.apache.catalina.startup.VersionLoggerListener.log Command line argument: -Djdk.tls.ephemeralDHKeySize=2048
21-Aug-2024 10:50:24.017 INFO [main] org.apache.catalina.startup.VersionLoggerListener.log Command line argument: -Djava.protocol.handler.pkgs=org.apache.catalina.webresources
21-Aug-2024 10:50:24.017 INFO [main] org.apache.catalina.startup.VersionLoggerListener.log Command line argument: -Xmx1024m -Dorg.jboss.logging.provider=jdk -Dorg.jbpm.server.ext.disabled=true -Dorg.jbpm.ui.server.ext.disabled=true -Dorg.jbpm.case.server.ext.disabled=true -Dhibernate.connection.release_mode=after_transaction -Dorg.kie.server.id=LocalRES771 -Dorg.kie.server.location=http://localhost:8084/kie-server/services/rest/server -Dorg.kie.server.controller=http://localhost:8080/rest/controller -Dkie.maven.settings.custom=C:\Users\7J0736897\Documents\BAMOE\apache-tomcat-9.0.93\settings.xml -Dorg.kie.server.controller.user=kieserver -Dorg.kie.server.controller.pwd=kieserver1! -Dorg.kie.server.user=kieserver -Dorg.kie.server.pwd=kieserver1!
21-Aug-2024 10:50:24.017 INFO [main] org.apache.catalina.startup.VersionLoggerListener.log Command line argument: -Dignore.endorsed.dirs=
21-Aug-2024 10:50:24.017 INFO [main] org.apache.catalina.startup.VersionLoggerListener.log Command line argument: -Djava.class.path=C:\Users\7J0736897\Documents\BAMOE\apache-tomcat-9.0.93\bin\bootstrap.jar;C:\Users\7J0736897\Documents\BAMOE\apache-tomcat-9.0.93\bin\tomcat-juli.jar
21-Aug-2024 10:50:24.017 INFO [main] org.apache.catalina.startup.VersionLoggerListener.log Command line argument: -Dcatalina.base=C:\Users\7J0736897\Documents\BAMOE\apache-tomcat-9.0.93
21-Aug-2024 10:50:24.017 INFO [main] org.apache.catalina.startup.VersionLoggerListener.log Command line argument: -Dcatalina.home=C:\Users\7J0736897\Documents\BAMOE\apache-tomcat-9.0.93
21-Aug-2024 10:50:24.017 INFO [main] org.apache.catalina.startup.VersionLoggerListener.log Command line argument: -Djava.io.tmpdir=C:\Users\7J0736897\Documents\BAMOE\apache-tomcat-9.0.93\temp
21-Aug-2024 10:50:24.022 INFO [main] org.apache.catalina.startup.VersionLoggerListener.log Command line argument: -Dsun.java.command=org.apache.catalina.startup.Bootstrap start
21-Aug-2024 10:50:24.022 INFO [main] org.apache.catalina.startup.VersionLoggerListener.log Command line argument: -Dsun.java.launcher=SUN_STANDARD
21-Aug-2024 10:50:24.137 INFO [main] org.apache.catalina.core.AprLifecycleListener.lifecycleEvent The Apache Tomcat Native library which allows using OpenSSL was not found on the java.library.path: [C:\Users\7J0736897\Documents\ibm-semeru-open-jdk_x64_windows_8u322b06_openj9-0.30.0\jdk8u322-b06\jre\bin\default;C:\Users\7J0736897\Documents\ibm-semeru-open-jdk_x64_windows_8u322b06_openj9-0.30.0\jdk8u322-b06\jre\bin;C:\WINDOWS\system32;C:\WINDOWS;C:\Program Files\Common Files\Oracle\Java\javapath;C:\Program Files (x86)\Common Files\Oracle\Java\java8path;C:\Program Files (x86)\Common Files\Oracle\Java\javapath;C:\WINDOWS\system32;C:\WINDOWS;C:\WINDOWS\System32\Wbem;C:\WINDOWS\System32\WindowsPowerShell\v1.0\;C:\WINDOWS\System32\OpenSSH\;C:\Program Files\Amazon\AWSCLIV2\;C:\Program Files\Git\cmd;%NVM_HOME%;%NVM_SYMLINK%;C:\Program Files\ibm\gsk8\lib64;C:\Program Files (x86)\ibm\gsk8\lib;C:\PROGRA~1\IBM\SQLLIB~1\BIN;C:\PROGRA~1\IBM\SQLLIB~1\FUNCTION;C:\PROGRA~1\IBM\SQLLIB~1\SAMPLES\REPL;C:\Program Files\RedHat\Podman\;C:\Program Files\PuTTY\;C:\Program Files\Common Files\Oracle\Java\javapath;C:\WINDOWS\system32;C:\WINDOWS;C:\WINDOWS\System32\Wbem;C:\WINDOWS\System32\WindowsPowerShell\v1.0\;C:\WINDOWS\System32\OpenSSH\;C:\Program Files\Amazon\AWSCLIV2\;C:\Program Files\Git\cmd;C:\Users\7J0736897\AppData\Roaming\nvm;C:\Program Files\nodejs;C:\Program Files\ibm\gsk8\lib64;C:\Program Files (x86)\ibm\gsk8\lib;C:\PROGRA~1\IBM\SQLLIB~1\BIN;C:\PROGRA~1\IBM\SQLLIB~1\FUNCTION;C:\PROGRA~1\IBM\SQLLIB~1\SAMPLES\REPL;C:\Program Files\RedHat\Podman\;C:\Users\7J0736897\AppData\Local\Microsoft\WindowsApps;C:\Users\7J0736897\Documents\ibm-semeru-open-jdk_x64_windows_8u322b06_openj9-0.30.0\jdk8u322-b06\bin;C:\Users\7J0736897\Documents\helm-v3.12.0-windows-amd64\windows-amd64;Downloads;C:\Users\7J0736897\AppData\Local\Programs\Microsoft VS Code\bin;C:\Users\7J0736897\AppData\Roaming\nvm;C:\Program Files\nodejs;C:\Users\7J0736897\Downloads;C:\Program Files;C:\Users\7J0736897\Documents\apache-maven-3.9.8\bin;C:\Program Files\docker\bin;C:\Users\7J0736897\AppData\Local\Box\Box Edit\;.]
21-Aug-2024 10:50:25.068 INFO [main] org.apache.coyote.AbstractProtocol.init Initializing ProtocolHandler ["http-nio-8080"]
21-Aug-2024 10:50:25.086 INFO [main] org.apache.catalina.startup.Catalina.load Server initialization in [1283] milliseconds
21-Aug-2024 10:50:25.157 INFO [main] org.apache.catalina.core.StandardService.startInternal Starting service [Catalina]
21-Aug-2024 10:50:25.157 INFO [main] org.apache.catalina.core.StandardEngine.startInternal Starting Servlet engine: [Apache Tomcat/9.0.93]
21-Aug-2024 10:50:25.167 INFO [main] org.apache.catalina.startup.HostConfig.deployDirectory Deploying web application directory [C:\Users\7J0736897\Documents\BAMOE\apache-tomcat-9.0.93\webapps\docs]
21-Aug-2024 10:50:25.417 INFO [main] org.apache.jasper.servlet.TldScanner.scanJars At least one JAR was scanned for TLDs yet contained no TLDs. Enable debug logging for this logger for a complete list of JARs that were scanned but no TLDs were found in them. Skipping unneeded JARs during scanning can improve startup time and JSP compilation time.
21-Aug-2024 10:50:25.753 WARNING [main] org.apache.catalina.util.SessionIdGeneratorBase.createSecureRandom Creation of SecureRandom instance for session ID generation using [SHA1PRNG] took [312] milliseconds.
21-Aug-2024 10:50:25.767 INFO [main] org.apache.catalina.startup.HostConfig.deployDirectory Deployment of web application directory [C:\Users\7J0736897\Documents\BAMOE\apache-tomcat-9.0.93\webapps\docs] has finished in [600] ms
21-Aug-2024 10:50:25.767 INFO [main] org.apache.catalina.startup.HostConfig.deployDirectory Deploying web application directory [C:\Users\7J0736897\Documents\BAMOE\apache-tomcat-9.0.93\webapps\examples]
21-Aug-2024 10:50:27.031 INFO [main] org.apache.jasper.servlet.TldScanner.scanJars At least one JAR was scanned for TLDs yet contained no TLDs. Enable debug logging for this logger for a complete list of JARs that were scanned but no TLDs were found in them. Skipping unneeded JARs during scanning can improve startup time and JSP compilation time.
21-Aug-2024 10:50:27.094 INFO [main] org.apache.catalina.startup.HostConfig.deployDirectory Deployment of web application directory [C:\Users\7J0736897\Documents\BAMOE\apache-tomcat-9.0.93\webapps\examples] has finished in [1,327] ms
21-Aug-2024 10:50:27.097 INFO [main] org.apache.catalina.startup.HostConfig.deployDirectory Deploying web application directory [C:\Users\7J0736897\Documents\BAMOE\apache-tomcat-9.0.93\webapps\host-manager]
21-Aug-2024 10:50:27.172 INFO [main] org.apache.jasper.servlet.TldScanner.scanJars At least one JAR was scanned for TLDs yet contained no TLDs. Enable debug logging for this logger for a complete list of JARs that were scanned but no TLDs were found in them. Skipping unneeded JARs during scanning can improve startup time and JSP compilation time.
21-Aug-2024 10:50:27.177 INFO [main] org.apache.catalina.startup.HostConfig.deployDirectory Deployment of web application directory [C:\Users\7J0736897\Documents\BAMOE\apache-tomcat-9.0.93\webapps\host-manager] has finished in [80] ms
21-Aug-2024 10:50:27.177 INFO [main] org.apache.catalina.startup.HostConfig.deployDirectory Deploying web application directory [C:\Users\7J0736897\Documents\BAMOE\apache-tomcat-9.0.93\webapps\kie-server.war]
21-Aug-2024 10:50:57.209 INFO [main] org.apache.jasper.servlet.TldScanner.scanJars At least one JAR was scanned for TLDs yet contained no TLDs. Enable debug logging for this logger for a complete list of JARs that were scanned but no TLDs were found in them. Skipping unneeded JARs during scanning can improve startup time and JSP compilation time.
21-Aug-2024 10:50:58.706 SEVERE [main] org.apache.catalina.core.StandardContext.startInternal One or more listeners failed to start. Full details will be found in the appropriate container log file
21-Aug-2024 10:50:58.706 SEVERE [main] org.apache.catalina.core.StandardContext.startInternal Context [/kie-server.war] startup failed due to previous errors
21-Aug-2024 10:50:58.717 SEVERE [main] org.apache.catalina.loader.WebappClassLoaderBase.checkThreadLocalMapForLeaks The web application [kie-server.war] created a ThreadLocal with key of type [java.lang.ThreadLocal] (value [java.lang.ThreadLocal@7d6056da]) and a value of type [org.kie.server.services.jbpm.security.JMSUserGroupAdapter] (value [org.kie.server.services.jbpm.security.JMSUserGroupAdapter@ac599e80]) but failed to remove it when the web application was stopped. Threads are going to be renewed over time to try and avoid a probable memory leak.
21-Aug-2024 10:50:58.737 INFO [main] org.apache.catalina.startup.HostConfig.deployDirectory Deployment of web application directory [C:\Users\7J0736897\Documents\BAMOE\apache-tomcat-9.0.93\webapps\kie-server.war] has finished in [31,560] ms
21-Aug-2024 10:50:58.737 INFO [main] org.apache.catalina.startup.HostConfig.deployDirectory Deploying web application directory [C:\Users\7J0736897\Documents\BAMOE\apache-tomcat-9.0.93\webapps\manager]
21-Aug-2024 10:50:58.817 INFO [main] org.apache.jasper.servlet.TldScanner.scanJars At least one JAR was scanned for TLDs yet contained no TLDs. Enable debug logging for this logger for a complete list of JARs that were scanned but no TLDs were found in them. Skipping unneeded JARs during scanning can improve startup time and JSP compilation time.
21-Aug-2024 10:50:58.817 INFO [main] org.apache.catalina.startup.HostConfig.deployDirectory Deployment of web application directory [C:\Users\7J0736897\Documents\BAMOE\apache-tomcat-9.0.93\webapps\manager] has finished in [80] ms
21-Aug-2024 10:50:58.817 INFO [main] org.apache.catalina.startup.HostConfig.deployDirectory Deploying web application directory [C:\Users\7J0736897\Documents\BAMOE\apache-tomcat-9.0.93\webapps\ROOT]
21-Aug-2024 10:50:58.877 INFO [main] org.apache.jasper.servlet.TldScanner.scanJars At least one JAR was scanned for TLDs yet contained no TLDs. Enable debug logging for this logger for a complete list of JARs that were scanned but no TLDs were found in them. Skipping unneeded JARs during scanning can improve startup time and JSP compilation time.
21-Aug-2024 10:50:58.877 INFO [main] org.apache.catalina.startup.HostConfig.deployDirectory Deployment of web application directory [C:\Users\7J0736897\Documents\BAMOE\apache-tomcat-9.0.93\webapps\ROOT] has finished in [60] ms
21-Aug-2024 10:50:58.890 INFO [main] org.apache.coyote.AbstractProtocol.start Starting ProtocolHandler ["http-nio-8080"]
21-Aug-2024 10:50:58.912 INFO [main] org.apache.catalina.startup.Catalina.start Server startup in [33816] milliseconds
