21-Aug-2024 10:50:27.072 INFO [main] org.apache.catalina.core.ApplicationContext.log ContextListener: contextInitialized()
21-Aug-2024 10:50:27.072 INFO [main] org.apache.catalina.core.ApplicationContext.log SessionListener: contextInitialized()
21-Aug-2024 10:50:27.077 INFO [main] org.apache.catalina.core.ApplicationContext.log ContextListener: attributeAdded('StockTicker', 'async.Stockticker@9250e2cd')
21-Aug-2024 10:50:58.706 SEVERE [main] org.apache.catalina.core.StandardContext.listenerStart Exception sending context initialized event to listener instance of class [org.kie.server.remote.rest.common.Bootstrap]
java.lang.NoClassDefFoundError: javax.persistence.spi.PersistenceUnitInfo
	at org.kie.server.services.jbpm.JbpmKieServerExtension$$Lambda$2031/0x0000000000000000.test(Unknown Source)
	at java.util.stream.ReferencePipeline$2$1.accept(ReferencePipeline.java:174)
	at java.util.Iterator.forEachRemaining(Iterator.java:116)
	at java.util.Spliterators$IteratorSpliterator.forEachRemaining(Spliterators.java:1801)
	at java.util.stream.AbstractPipeline.copyInto(AbstractPipeline.java:497)
	at java.util.stream.AbstractPipeline.wrapAndCopyInto(AbstractPipeline.java:487)
	at java.util.stream.ForEachOps$ForEachOp.evaluateSequential(ForEachOps.java:150)
	at java.util.stream.ForEachOps$ForEachOp$OfRef.evaluateSequential(ForEachOps.java:173)
	at java.util.stream.AbstractPipeline.evaluate(AbstractPipeline.java:241)
	at java.util.stream.ReferencePipeline.forEach(ReferencePipeline.java:485)
	at org.kie.server.services.jbpm.JbpmKieServerExtension.getPersistenceProperties(JbpmKieServerExtension.java:788)
	at org.kie.server.services.jbpm.JbpmKieServerExtension.configureServices(JbpmKieServerExtension.java:239)
	at org.kie.server.services.jbpm.JbpmKieServerExtension.init(JbpmKieServerExtension.java:195)
	at org.kie.server.services.impl.KieServerImpl.init(KieServerImpl.java:184)
	at org.kie.server.services.impl.KieServerImpl.init(KieServerImpl.java:142)
	at org.kie.server.services.impl.KieServerLocator$KieServerLocatorHelper.<clinit>(KieServerLocator.java:25)
	at org.kie.server.services.impl.KieServerLocator.getInstance(KieServerLocator.java:32)
	at org.kie.server.remote.rest.common.Bootstrap.contextInitialized(Bootstrap.java:51)
	at org.apache.catalina.core.StandardContext.listenerStart(StandardContext.java:4007)
	at org.apache.catalina.core.StandardContext.startInternal(StandardContext.java:4448)
	at org.apache.catalina.util.LifecycleBase.start(LifecycleBase.java:164)
	at org.apache.catalina.core.ContainerBase.addChildInternal(ContainerBase.java:599)
	at org.apache.catalina.core.ContainerBase.addChild(ContainerBase.java:571)
	at org.apache.catalina.core.StandardHost.addChild(StandardHost.java:603)
	at org.apache.catalina.startup.HostConfig.deployDirectory(HostConfig.java:1175)
	at org.apache.catalina.startup.HostConfig$DeployDirectory.run(HostConfig.java:1888)
	at java.util.concurrent.Executors$RunnableAdapter.call(Executors.java:511)
	at java.util.concurrent.FutureTask.run(FutureTask.java:266)
	at org.apache.tomcat.util.threads.InlineExecutorService.execute(InlineExecutorService.java:75)
	at java.util.concurrent.AbstractExecutorService.submit(AbstractExecutorService.java:112)
	at org.apache.catalina.startup.HostConfig.deployDirectories(HostConfig.java:1086)
	at org.apache.catalina.startup.HostConfig.deployApps(HostConfig.java:470)
	at org.apache.catalina.startup.HostConfig.start(HostConfig.java:1584)
	at org.apache.catalina.startup.HostConfig.lifecycleEvent(HostConfig.java:312)
	at org.apache.catalina.util.LifecycleBase.fireLifecycleEvent(LifecycleBase.java:109)
	at org.apache.catalina.util.LifecycleBase.setStateInternal(LifecycleBase.java:385)
	at org.apache.catalina.util.LifecycleBase.setState(LifecycleBase.java:332)
	at org.apache.catalina.core.ContainerBase.startInternal(ContainerBase.java:776)
	at org.apache.catalina.core.StandardHost.startInternal(StandardHost.java:721)
	at org.apache.catalina.util.LifecycleBase.start(LifecycleBase.java:164)
	at org.apache.catalina.core.ContainerBase$StartChild.call(ContainerBase.java:1203)
	at org.apache.catalina.core.ContainerBase$StartChild.call(ContainerBase.java:1193)
	at java.util.concurrent.FutureTask.run(FutureTask.java:266)
	at org.apache.tomcat.util.threads.InlineExecutorService.execute(InlineExecutorService.java:75)
	at java.util.concurrent.AbstractExecutorService.submit(AbstractExecutorService.java:134)
	at org.apache.catalina.core.ContainerBase.startInternal(ContainerBase.java:749)
	at org.apache.catalina.core.StandardEngine.startInternal(StandardEngine.java:211)
	at org.apache.catalina.util.LifecycleBase.start(LifecycleBase.java:164)
	at org.apache.catalina.core.StandardService.startInternal(StandardService.java:415)
	at org.apache.catalina.util.LifecycleBase.start(LifecycleBase.java:164)
	at org.apache.catalina.core.StandardServer.startInternal(StandardServer.java:878)
	at org.apache.catalina.util.LifecycleBase.start(LifecycleBase.java:164)
	at org.apache.catalina.startup.Catalina.start(Catalina.java:735)
	at sun.reflect.NativeMethodAccessorImpl.invoke0(Native Method)
	at sun.reflect.NativeMethodAccessorImpl.invoke(NativeMethodAccessorImpl.java:62)
	at sun.reflect.DelegatingMethodAccessorImpl.invoke(DelegatingMethodAccessorImpl.java:43)
	at java.lang.reflect.Method.invoke(Method.java:498)
	at org.apache.catalina.startup.Bootstrap.start(Bootstrap.java:345)
	at org.apache.catalina.startup.Bootstrap.main(Bootstrap.java:473)
Caused by: java.lang.ClassNotFoundException: javax.persistence.spi.PersistenceUnitInfo
	at org.apache.catalina.loader.WebappClassLoaderBase.loadClass(WebappClassLoaderBase.java:1308)
	at org.apache.catalina.loader.WebappClassLoaderBase.loadClass(WebappClassLoaderBase.java:1120)
	... 59 more
21-Aug-2024 10:50:58.717 SEVERE [main] org.apache.catalina.core.StandardContext.listenerStop Exception sending context destroyed event to listener instance of class [org.kie.server.remote.rest.common.Bootstrap]
java.lang.NoClassDefFoundError: org.kie.server.services.impl.KieServerLocator$KieServerLocatorHelper (initialization failure)
	at java.lang.J9VMInternals.initializationAlreadyFailed(J9VMInternals.java:95)
	at org.kie.server.services.impl.KieServerLocator.getInstance(KieServerLocator.java:32)
	at org.kie.server.remote.rest.common.Bootstrap.contextDestroyed(Bootstrap.java:57)
	at org.apache.catalina.core.StandardContext.listenerStop(StandardContext.java:4053)
	at org.apache.catalina.core.StandardContext.stopInternal(StandardContext.java:4674)
	at org.apache.catalina.util.LifecycleBase.stop(LifecycleBase.java:231)
	at org.apache.catalina.util.LifecycleBase.start(LifecycleBase.java:168)
	at org.apache.catalina.core.ContainerBase.addChildInternal(ContainerBase.java:599)
	at org.apache.catalina.core.ContainerBase.addChild(ContainerBase.java:571)
	at org.apache.catalina.core.StandardHost.addChild(StandardHost.java:603)
	at org.apache.catalina.startup.HostConfig.deployDirectory(HostConfig.java:1175)
	at org.apache.catalina.startup.HostConfig$DeployDirectory.run(HostConfig.java:1888)
	at java.util.concurrent.Executors$RunnableAdapter.call(Executors.java:511)
	at java.util.concurrent.FutureTask.run(FutureTask.java:266)
	at org.apache.tomcat.util.threads.InlineExecutorService.execute(InlineExecutorService.java:75)
	at java.util.concurrent.AbstractExecutorService.submit(AbstractExecutorService.java:112)
	at org.apache.catalina.startup.HostConfig.deployDirectories(HostConfig.java:1086)
	at org.apache.catalina.startup.HostConfig.deployApps(HostConfig.java:470)
	at org.apache.catalina.startup.HostConfig.start(HostConfig.java:1584)
	at org.apache.catalina.startup.HostConfig.lifecycleEvent(HostConfig.java:312)
	at org.apache.catalina.util.LifecycleBase.fireLifecycleEvent(LifecycleBase.java:109)
	at org.apache.catalina.util.LifecycleBase.setStateInternal(LifecycleBase.java:385)
	at org.apache.catalina.util.LifecycleBase.setState(LifecycleBase.java:332)
	at org.apache.catalina.core.ContainerBase.startInternal(ContainerBase.java:776)
	at org.apache.catalina.core.StandardHost.startInternal(StandardHost.java:721)
	at org.apache.catalina.util.LifecycleBase.start(LifecycleBase.java:164)
	at org.apache.catalina.core.ContainerBase$StartChild.call(ContainerBase.java:1203)
	at org.apache.catalina.core.ContainerBase$StartChild.call(ContainerBase.java:1193)
	at java.util.concurrent.FutureTask.run(FutureTask.java:266)
	at org.apache.tomcat.util.threads.InlineExecutorService.execute(InlineExecutorService.java:75)
	at java.util.concurrent.AbstractExecutorService.submit(AbstractExecutorService.java:134)
	at org.apache.catalina.core.ContainerBase.startInternal(ContainerBase.java:749)
	at org.apache.catalina.core.StandardEngine.startInternal(StandardEngine.java:211)
	at org.apache.catalina.util.LifecycleBase.start(LifecycleBase.java:164)
	at org.apache.catalina.core.StandardService.startInternal(StandardService.java:415)
	at org.apache.catalina.util.LifecycleBase.start(LifecycleBase.java:164)
	at org.apache.catalina.core.StandardServer.startInternal(StandardServer.java:878)
	at org.apache.catalina.util.LifecycleBase.start(LifecycleBase.java:164)
	at org.apache.catalina.startup.Catalina.start(Catalina.java:735)
	at sun.reflect.NativeMethodAccessorImpl.invoke0(Native Method)
	at sun.reflect.NativeMethodAccessorImpl.invoke(NativeMethodAccessorImpl.java:62)
	at sun.reflect.DelegatingMethodAccessorImpl.invoke(DelegatingMethodAccessorImpl.java:43)
	at java.lang.reflect.Method.invoke(Method.java:498)
	at org.apache.catalina.startup.Bootstrap.start(Bootstrap.java:345)
	at org.apache.catalina.startup.Bootstrap.main(Bootstrap.java:473)
Caused by: java.lang.NoClassDefFoundError: javax.persistence.spi.PersistenceUnitInfo
	at org.kie.server.services.jbpm.JbpmKieServerExtension$$Lambda$2031/0x0000000000000000.test(Unknown Source)
	at java.util.stream.ReferencePipeline$2$1.accept(ReferencePipeline.java:174)
	at java.util.Iterator.forEachRemaining(Iterator.java:116)
	at java.util.Spliterators$IteratorSpliterator.forEachRemaining(Spliterators.java:1801)
	at java.util.stream.AbstractPipeline.copyInto(AbstractPipeline.java:497)
	at java.util.stream.AbstractPipeline.wrapAndCopyInto(AbstractPipeline.java:487)
	at java.util.stream.ForEachOps$ForEachOp.evaluateSequential(ForEachOps.java:150)
	at java.util.stream.ForEachOps$ForEachOp$OfRef.evaluateSequential(ForEachOps.java:173)
	at java.util.stream.AbstractPipeline.evaluate(AbstractPipeline.java:241)
	at java.util.stream.ReferencePipeline.forEach(ReferencePipeline.java:485)
	at org.kie.server.services.jbpm.JbpmKieServerExtension.getPersistenceProperties(JbpmKieServerExtension.java:788)
	at org.kie.server.services.jbpm.JbpmKieServerExtension.configureServices(JbpmKieServerExtension.java:239)
	at org.kie.server.services.jbpm.JbpmKieServerExtension.init(JbpmKieServerExtension.java:195)
	at org.kie.server.services.impl.KieServerImpl.init(KieServerImpl.java:184)
	at org.kie.server.services.impl.KieServerImpl.init(KieServerImpl.java:142)
	at org.kie.server.services.impl.KieServerLocator$KieServerLocatorHelper.<clinit>(KieServerLocator.java:25)
	at org.kie.server.services.impl.KieServerLocator.getInstance(KieServerLocator.java:32)
	at org.kie.server.remote.rest.common.Bootstrap.contextInitialized(Bootstrap.java:51)
	at org.apache.catalina.core.StandardContext.listenerStart(StandardContext.java:4007)
	at org.apache.catalina.core.StandardContext.startInternal(StandardContext.java:4448)
	at org.apache.catalina.util.LifecycleBase.start(LifecycleBase.java:164)
	... 38 more
Caused by: java.lang.ClassNotFoundException: javax.persistence.spi.PersistenceUnitInfo
	at org.apache.catalina.loader.WebappClassLoaderBase.loadClass(WebappClassLoaderBase.java:1308)
	at org.apache.catalina.loader.WebappClassLoaderBase.loadClass(WebappClassLoaderBase.java:1120)
	... 59 more
